<?xml version="1.0"?>
<testsuite name="Chrome Headless 131.0.0.0 (Windows 10)" package="" timestamp="2025-01-12T16:30:25" id="0" hostname="DESKTOP-EKBFD3O" tests="7" errors="0" failures="0" time="0.166">
  <properties>
    <property name="browser.fullName" value="Mozilla/5.0 (Windows NT 10.0; Win64; x64) AppleWebKit/537.36 (KHTML, like Gecko) HeadlessChrome/131.0.0.0 Safari/537.36"/>
  </properties>
  <testcase name="StatsService should be created" time="0.017" classname="StatsService"/>
  <testcase name="HeaderComponent should create" time="0.054" classname="HeaderComponent"/>
  <testcase name="HeaderComponent should toggle dark class on html element" time="0.004" classname="HeaderComponent"/>
  <testcase name="MonthStatsComponent should create" time="0.043" classname="MonthStatsComponent"/>
  <testcase name="AppComponent should create the app" time="0.035" classname="AppComponent"/>
  <testcase name="AppComponent should render title" time="0.007" classname="AppComponent"/>
  <testcase name="AuthService should be created" time="0.006" classname="AuthService"/>
  <system-out>
    <![CDATA[Chrome Headless 131.0.0.0 (Windows 10) LOG: 'test'
,Chrome Headless 131.0.0.0 (Windows 10) LOG: '
███████ ████████  █████  ████████  █████  ████████ ██████   █████  ██    ██  █████ 
██         ██    ██   ██    ██    ██   ██    ██    ██   ██ ██   ██ ██    ██ ██   ██ 
███████    ██    ███████    ██    ███████    ██    ██████  ███████ ██    ██ ███████ 
     ██    ██    ██   ██    ██    ██   ██    ██    ██   ██ ██   ██  ██  ██  ██   ██ 
███████    ██    ██   ██    ██    ██   ██    ██    ██   ██ ██   ██   ████   ██   ██ '
,Chrome Headless 131.0.0.0 (Windows 10) LOG: '
███████ ████████  █████  ████████  █████  ████████ ██████   █████  ██    ██  █████ 
██         ██    ██   ██    ██    ██   ██    ██    ██   ██ ██   ██ ██    ██ ██   ██ 
███████    ██    ███████    ██    ███████    ██    ██████  ███████ ██    ██ ███████ 
     ██    ██    ██   ██    ██    ██   ██    ██    ██   ██ ██   ██  ██  ██  ██   ██ 
███████    ██    ██   ██    ██    ██   ██    ██    ██   ██ ██   ██   ████   ██   ██ '

]]>
  </system-out>
  <system-err/>
</testsuite>